<?xml version="1.0" encoding="UTF-8"?>
<testng-results ignored="0" total="2" passed="2" failed="0" skipped="0">
  <reporter-output>
  </reporter-output>
  <suite started-at="2022-09-28T23:47:20 IST" name="Default suite" finished-at="2022-09-28T23:47:59 IST" duration-ms="39061">
    <groups>
    </groups>
    <test started-at="2022-09-28T23:47:20 IST" name="Default test" finished-at="2022-09-28T23:47:59 IST" duration-ms="39061">
      <class name="testcases.EmployeeTestCase">
        <test-method is-config="true" signature="before()[pri:0, instance:testcases.EmployeeTestCase@f09733f]" started-at="2022-09-28T23:47:20 IST" name="before" finished-at="2022-09-28T23:47:20 IST" duration-ms="178" status="PASS">
          <reporter-output>
          </reporter-output>
        </test-method> <!-- before -->
        <test-method is-config="true" signature="setUp()[pri:0, instance:testcases.EmployeeTestCase@f09733f]" started-at="2022-09-28T23:47:20 IST" name="setUp" finished-at="2022-09-28T23:47:43 IST" duration-ms="23015" status="PASS">
          <reporter-output>
          </reporter-output>
        </test-method> <!-- setUp -->
        <test-method is-config="true" signature="beforeMethod(java.lang.reflect.Method)[pri:0, instance:testcases.EmployeeTestCase@f09733f]" started-at="2022-09-28T23:47:43 IST" name="beforeMethod" finished-at="2022-09-28T23:47:43 IST" duration-ms="4" status="PASS">
          <params>
            <param index="0">
              <value>
                <![CDATA[public void testcases.EmployeeTestCase.employee(java.lang.String,java.lang.String,java.lang.String,java.lang.String) throws java.lang.InterruptedException]]>
              </value>
            </param>
          </params>
          <reporter-output>
          </reporter-output>
        </test-method> <!-- beforeMethod -->
        <test-method signature="employee(java.lang.String,java.lang.String,java.lang.String,java.lang.String)[pri:0, instance:testcases.EmployeeTestCase@f09733f]" started-at="2022-09-28T23:47:43 IST" name="employee" data-provider="testData" finished-at="2022-09-28T23:47:58 IST" duration-ms="15140" status="PASS">
          <params>
            <param index="0">
              <value>
                <![CDATA[Carry]]>
              </value>
            </param>
            <param index="1">
              <value>
                <![CDATA[Bansal]]>
              </value>
            </param>
            <param index="2">
              <value>
                <![CDATA[2022-09-29]]>
              </value>
            </param>
            <param index="3">
              <value>
                <![CDATA[India Office]]>
              </value>
            </param>
          </params>
          <reporter-output>
          </reporter-output>
        </test-method> <!-- employee -->
        <test-method signature="clearFiltersTest()[pri:0, instance:testcases.EmployeeTestCase@f09733f]" started-at="2022-09-28T23:47:58 IST" name="clearFiltersTest" finished-at="2022-09-28T23:47:58 IST" depends-on-methods="testcases.EmployeeTestCase.employee" duration-ms="458" status="PASS">
          <reporter-output>
          </reporter-output>
        </test-method> <!-- clearFiltersTest -->
        <test-method is-config="true" signature="beforeMethod(java.lang.reflect.Method)[pri:0, instance:testcases.EmployeeTestCase@f09733f]" started-at="2022-09-28T23:47:58 IST" name="beforeMethod" finished-at="2022-09-28T23:47:58 IST" duration-ms="0" status="PASS">
          <params>
            <param index="0">
              <value>
                <![CDATA[public void testcases.EmployeeTestCase.clearFiltersTest()]]>
              </value>
            </param>
          </params>
          <reporter-output>
          </reporter-output>
        </test-method> <!-- beforeMethod -->
        <test-method is-config="true" signature="after()[pri:0, instance:testcases.EmployeeTestCase@f09733f]" started-at="2022-09-28T23:47:58 IST" name="after" finished-at="2022-09-28T23:47:59 IST" duration-ms="234" status="PASS">
          <reporter-output>
          </reporter-output>
        </test-method> <!-- after -->
      </class> <!-- testcases.EmployeeTestCase -->
    </test> <!-- Default test -->
  </suite> <!-- Default suite -->
</testng-results>
